Info: Starting: Create block symbol file (.bsf)
Info: qsys-generate /home/nestor/repositorios/niosII_freeRTOS_DE0_nano/niosII.qsys --block-symbol-file --output-directory=/home/nestor/repositorios/niosII_freeRTOS_DE0_nano/niosII --family="Cyclone IV E" --part=EP4CE22F17C6
Progress: Loading niosII_freeRTOS_DE0_nano/niosII.qsys
Progress: Reading input file
Progress: Adding Button_Pio [altera_up_avalon_parallel_port 18.0]
Progress: Parameterizing module Button_Pio
Progress: Adding IO_Pio [altera_up_avalon_parallel_port 18.0]
Progress: Parameterizing module IO_Pio
Progress: Adding LED_Pio [altera_up_avalon_parallel_port 18.0]
Progress: Parameterizing module LED_Pio
Progress: Adding Switch_Pio [altera_up_avalon_parallel_port 18.0]
Progress: Parameterizing module Switch_Pio
Progress: Adding clock_50 [clock_source 18.1]
Progress: Parameterizing module clock_50
Progress: Adding cpu [altera_nios2_gen2 18.1]
Progress: Parameterizing module cpu
Progress: Adding epcs [altera_avalon_epcs_flash_controller 18.1]
Progress: Parameterizing module epcs
Progress: Adding jtag [altera_avalon_jtag_uart 18.1]
Progress: Parameterizing module jtag
Progress: Adding ram_clk [clock_source 18.1]
Progress: Parameterizing module ram_clk
Progress: Adding sdram [altera_avalon_new_sdram_controller 18.1]
Progress: Parameterizing module sdram
Progress: Adding spi [altera_avalon_spi 18.1]
Progress: Parameterizing module spi
Progress: Adding sys_clk [clock_source 18.1]
Progress: Parameterizing module sys_clk
Progress: Adding sys_clk_timer [altera_avalon_timer 18.1]
Progress: Parameterizing module sys_clk_timer
Progress: Adding sys_id [altera_avalon_sysid_qsys 18.1]
Progress: Parameterizing module sys_id
Progress: Adding sys_pll [altpll 18.1]
Progress: Parameterizing module sys_pll
Progress: Adding uart [altera_avalon_uart 18.1]
Progress: Parameterizing module uart
Progress: Building connections
Progress: Parameterizing connections
Progress: Validating
Progress: Done reading input file
Info: niosII.Button_Pio: The Parallel Port is now deprecated. The PIO component (Processor and Peripherals/Peripherals/PIO) should be used instead.
Info: niosII.IO_Pio: The Parallel Port is now deprecated. The PIO component (Processor and Peripherals/Peripherals/PIO) should be used instead.
Info: niosII.LED_Pio: The Parallel Port is now deprecated. The PIO component (Processor and Peripherals/Peripherals/PIO) should be used instead.
Info: niosII.Switch_Pio: The Parallel Port is now deprecated. The PIO component (Processor and Peripherals/Peripherals/PIO) should be used instead.
Info: niosII.epcs: Legacy EPCS/EPCQx1 Flash Controller will only be supported in Quartus Prime Standard Edition in the future release.
Info: niosII.epcs: Dedicated AS interface is not supported, signals are exported to top level design.
Info: niosII.jtag: JTAG UART IP input clock need to be at least double (2x) the operating frequency of JTAG TCK on board
Info: niosII.sdram: SDRAM Controller will only be supported in Quartus Prime Standard Edition in the future release.
Info: niosII.sys_id: System ID is not assigned automatically. Edit the System ID parameter to provide a unique ID
Info: niosII.sys_id: Time stamp will be automatically updated when this component is generated.
Info: qsys-generate succeeded.
Info: Finished: Create block symbol file (.bsf)
Info: 
Info: Starting: Create HDL design files for synthesis
Info: qsys-generate /home/nestor/repositorios/niosII_freeRTOS_DE0_nano/niosII.qsys --synthesis=VERILOG --output-directory=/home/nestor/repositorios/niosII_freeRTOS_DE0_nano/niosII/synthesis --family="Cyclone IV E" --part=EP4CE22F17C6
Progress: Loading niosII_freeRTOS_DE0_nano/niosII.qsys
Progress: Reading input file
Progress: Adding Button_Pio [altera_up_avalon_parallel_port 18.0]
Progress: Parameterizing module Button_Pio
Progress: Adding IO_Pio [altera_up_avalon_parallel_port 18.0]
Progress: Parameterizing module IO_Pio
Progress: Adding LED_Pio [altera_up_avalon_parallel_port 18.0]
Progress: Parameterizing module LED_Pio
Progress: Adding Switch_Pio [altera_up_avalon_parallel_port 18.0]
Progress: Parameterizing module Switch_Pio
Progress: Adding clock_50 [clock_source 18.1]
Progress: Parameterizing module clock_50
Progress: Adding cpu [altera_nios2_gen2 18.1]
Progress: Parameterizing module cpu
Progress: Adding epcs [altera_avalon_epcs_flash_controller 18.1]
Progress: Parameterizing module epcs
Progress: Adding jtag [altera_avalon_jtag_uart 18.1]
Progress: Parameterizing module jtag
Progress: Adding ram_clk [clock_source 18.1]
Progress: Parameterizing module ram_clk
Progress: Adding sdram [altera_avalon_new_sdram_controller 18.1]
Progress: Parameterizing module sdram
Progress: Adding spi [altera_avalon_spi 18.1]
Progress: Parameterizing module spi
Progress: Adding sys_clk [clock_source 18.1]
Progress: Parameterizing module sys_clk
Progress: Adding sys_clk_timer [altera_avalon_timer 18.1]
Progress: Parameterizing module sys_clk_timer
Progress: Adding sys_id [altera_avalon_sysid_qsys 18.1]
Progress: Parameterizing module sys_id
Progress: Adding sys_pll [altpll 18.1]
Progress: Parameterizing module sys_pll
Progress: Adding uart [altera_avalon_uart 18.1]
Progress: Parameterizing module uart
Progress: Building connections
Progress: Parameterizing connections
Progress: Validating
Progress: Done reading input file
Info: niosII.Button_Pio: The Parallel Port is now deprecated. The PIO component (Processor and Peripherals/Peripherals/PIO) should be used instead.
Info: niosII.IO_Pio: The Parallel Port is now deprecated. The PIO component (Processor and Peripherals/Peripherals/PIO) should be used instead.
Info: niosII.LED_Pio: The Parallel Port is now deprecated. The PIO component (Processor and Peripherals/Peripherals/PIO) should be used instead.
Info: niosII.Switch_Pio: The Parallel Port is now deprecated. The PIO component (Processor and Peripherals/Peripherals/PIO) should be used instead.
Info: niosII.epcs: Legacy EPCS/EPCQx1 Flash Controller will only be supported in Quartus Prime Standard Edition in the future release.
Info: niosII.epcs: Dedicated AS interface is not supported, signals are exported to top level design.
Info: niosII.jtag: JTAG UART IP input clock need to be at least double (2x) the operating frequency of JTAG TCK on board
Info: niosII.sdram: SDRAM Controller will only be supported in Quartus Prime Standard Edition in the future release.
Info: niosII.sys_id: System ID is not assigned automatically. Edit the System ID parameter to provide a unique ID
Info: niosII.sys_id: Time stamp will be automatically updated when this component is generated.
Info: niosII: Generating niosII "niosII" for QUARTUS_SYNTH
Info: Inserting clock-crossing logic between cmd_demux.src0 and cmd_mux.sink0
Info: Inserting clock-crossing logic between cmd_demux.src7 and cmd_mux_007.sink0
Info: Inserting clock-crossing logic between cmd_demux.src8 and cmd_mux_008.sink0
Info: Inserting clock-crossing logic between cmd_demux_001.src1 and cmd_mux_007.sink1
Info: Inserting clock-crossing logic between rsp_demux.src0 and rsp_mux.sink0
Info: Inserting clock-crossing logic between rsp_demux_007.src0 and rsp_mux.sink7
Info: Inserting clock-crossing logic between rsp_demux_007.src1 and rsp_mux_001.sink1
Info: Inserting clock-crossing logic between rsp_demux_008.src0 and rsp_mux.sink8
Info: Button_Pio: Starting Generation of Parallel Port
Info: Button_Pio: "niosII" instantiated altera_up_avalon_parallel_port "Button_Pio"
Info: IO_Pio: Starting Generation of Parallel Port
Info: IO_Pio: "niosII" instantiated altera_up_avalon_parallel_port "IO_Pio"
Info: LED_Pio: Starting Generation of Parallel Port
Info: LED_Pio: "niosII" instantiated altera_up_avalon_parallel_port "LED_Pio"
Info: Switch_Pio: Starting Generation of Parallel Port
Info: Switch_Pio: "niosII" instantiated altera_up_avalon_parallel_port "Switch_Pio"
Info: cpu: "niosII" instantiated altera_nios2_gen2 "cpu"
Info: epcs: Starting RTL generation for module 'niosII_epcs'
Info: epcs:   Generation command is [exec /home/nestor/intelFPGA_lite/18.1/quartus/linux64/perl/bin/perl -I /home/nestor/intelFPGA_lite/18.1/quartus/linux64/perl/lib -I /home/nestor/intelFPGA_lite/18.1/quartus/sopc_builder/bin/europa -I /home/nestor/intelFPGA_lite/18.1/quartus/sopc_builder/bin/perl_lib -I /home/nestor/intelFPGA_lite/18.1/quartus/sopc_builder/bin -I /home/nestor/intelFPGA_lite/18.1/quartus/../ip/altera/sopc_builder_ip/common -I /home/nestor/intelFPGA_lite/18.1/quartus/../ip/altera/sopc_builder_ip/altera_avalon_epcs_flash_controller -- /home/nestor/intelFPGA_lite/18.1/quartus/../ip/altera/sopc_builder_ip/altera_avalon_epcs_flash_controller/generate_rtl.pl --name=niosII_epcs --dir=/tmp/alt8326_7469439901998020369.dir/0006_epcs_gen/ --quartus_dir=/home/nestor/intelFPGA_lite/18.1/quartus --verilog --config=/tmp/alt8326_7469439901998020369.dir/0006_epcs_gen//niosII_epcs_component_configuration.pl  --do_build_sim=0  ]
Info: epcs: Done RTL generation for module 'niosII_epcs'
Info: epcs: "niosII" instantiated altera_avalon_epcs_flash_controller "epcs"
Info: jtag: Starting RTL generation for module 'niosII_jtag'
Info: jtag:   Generation command is [exec /home/nestor/intelFPGA_lite/18.1/quartus/linux64/perl/bin/perl -I /home/nestor/intelFPGA_lite/18.1/quartus/linux64/perl/lib -I /home/nestor/intelFPGA_lite/18.1/quartus/sopc_builder/bin/europa -I /home/nestor/intelFPGA_lite/18.1/quartus/sopc_builder/bin/perl_lib -I /home/nestor/intelFPGA_lite/18.1/quartus/sopc_builder/bin -I /home/nestor/intelFPGA_lite/18.1/quartus/../ip/altera/sopc_builder_ip/common -I /home/nestor/intelFPGA_lite/18.1/quartus/../ip/altera/sopc_builder_ip/altera_avalon_jtag_uart -- /home/nestor/intelFPGA_lite/18.1/quartus/../ip/altera/sopc_builder_ip/altera_avalon_jtag_uart/generate_rtl.pl --name=niosII_jtag --dir=/tmp/alt8326_7469439901998020369.dir/0007_jtag_gen/ --quartus_dir=/home/nestor/intelFPGA_lite/18.1/quartus --verilog --config=/tmp/alt8326_7469439901998020369.dir/0007_jtag_gen//niosII_jtag_component_configuration.pl  --do_build_sim=0  ]
Info: jtag: Done RTL generation for module 'niosII_jtag'
Info: jtag: "niosII" instantiated altera_avalon_jtag_uart "jtag"
Info: sdram: Starting RTL generation for module 'niosII_sdram'
Info: sdram:   Generation command is [exec /home/nestor/intelFPGA_lite/18.1/quartus/linux64/perl/bin/perl -I /home/nestor/intelFPGA_lite/18.1/quartus/linux64/perl/lib -I /home/nestor/intelFPGA_lite/18.1/quartus/sopc_builder/bin/europa -I /home/nestor/intelFPGA_lite/18.1/quartus/sopc_builder/bin/perl_lib -I /home/nestor/intelFPGA_lite/18.1/quartus/sopc_builder/bin -I /home/nestor/intelFPGA_lite/18.1/quartus/../ip/altera/sopc_builder_ip/common -I /home/nestor/intelFPGA_lite/18.1/quartus/../ip/altera/sopc_builder_ip/altera_avalon_new_sdram_controller -- /home/nestor/intelFPGA_lite/18.1/quartus/../ip/altera/sopc_builder_ip/altera_avalon_new_sdram_controller/generate_rtl.pl --name=niosII_sdram --dir=/tmp/alt8326_7469439901998020369.dir/0008_sdram_gen/ --quartus_dir=/home/nestor/intelFPGA_lite/18.1/quartus --verilog --config=/tmp/alt8326_7469439901998020369.dir/0008_sdram_gen//niosII_sdram_component_configuration.pl  --do_build_sim=0  ]
Info: sdram: Done RTL generation for module 'niosII_sdram'
Info: sdram: "niosII" instantiated altera_avalon_new_sdram_controller "sdram"
Info: spi: Starting RTL generation for module 'niosII_spi'
Info: spi:   Generation command is [exec /home/nestor/intelFPGA_lite/18.1/quartus/linux64/perl/bin/perl -I /home/nestor/intelFPGA_lite/18.1/quartus/linux64/perl/lib -I /home/nestor/intelFPGA_lite/18.1/quartus/sopc_builder/bin/europa -I /home/nestor/intelFPGA_lite/18.1/quartus/sopc_builder/bin/perl_lib -I /home/nestor/intelFPGA_lite/18.1/quartus/sopc_builder/bin -I /home/nestor/intelFPGA_lite/18.1/quartus/../ip/altera/sopc_builder_ip/common -I /home/nestor/intelFPGA_lite/18.1/quartus/../ip/altera/sopc_builder_ip/altera_avalon_spi -- /home/nestor/intelFPGA_lite/18.1/quartus/../ip/altera/sopc_builder_ip/altera_avalon_spi/generate_rtl.pl --name=niosII_spi --dir=/tmp/alt8326_7469439901998020369.dir/0009_spi_gen/ --quartus_dir=/home/nestor/intelFPGA_lite/18.1/quartus --verilog --config=/tmp/alt8326_7469439901998020369.dir/0009_spi_gen//niosII_spi_component_configuration.pl  --do_build_sim=0  ]
Info: spi: Done RTL generation for module 'niosII_spi'
Info: spi: "niosII" instantiated altera_avalon_spi "spi"
Info: sys_clk_timer: Starting RTL generation for module 'niosII_sys_clk_timer'
Info: sys_clk_timer:   Generation command is [exec /home/nestor/intelFPGA_lite/18.1/quartus/linux64//perl/bin/perl -I /home/nestor/intelFPGA_lite/18.1/quartus/linux64//perl/lib -I /home/nestor/intelFPGA_lite/18.1/quartus/sopc_builder/bin/europa -I /home/nestor/intelFPGA_lite/18.1/quartus/sopc_builder/bin/perl_lib -I /home/nestor/intelFPGA_lite/18.1/quartus/sopc_builder/bin -I /home/nestor/intelFPGA_lite/18.1/quartus/../ip/altera/sopc_builder_ip/common -I /home/nestor/intelFPGA_lite/18.1/quartus/../ip/altera/sopc_builder_ip/altera_avalon_timer -- /home/nestor/intelFPGA_lite/18.1/quartus/../ip/altera/sopc_builder_ip/altera_avalon_timer/generate_rtl.pl --name=niosII_sys_clk_timer --dir=/tmp/alt8326_7469439901998020369.dir/0010_sys_clk_timer_gen/ --quartus_dir=/home/nestor/intelFPGA_lite/18.1/quartus --verilog --config=/tmp/alt8326_7469439901998020369.dir/0010_sys_clk_timer_gen//niosII_sys_clk_timer_component_configuration.pl  --do_build_sim=0  ]
Info: sys_clk_timer: Done RTL generation for module 'niosII_sys_clk_timer'
Info: sys_clk_timer: "niosII" instantiated altera_avalon_timer "sys_clk_timer"
Info: sys_id: "niosII" instantiated altera_avalon_sysid_qsys "sys_id"
Info: sys_pll: "niosII" instantiated altpll "sys_pll"
Info: uart: Starting RTL generation for module 'niosII_uart'
Info: uart:   Generation command is [exec /home/nestor/intelFPGA_lite/18.1/quartus/linux64/perl/bin/perl -I /home/nestor/intelFPGA_lite/18.1/quartus/linux64/perl/lib -I /home/nestor/intelFPGA_lite/18.1/quartus/sopc_builder/bin/europa -I /home/nestor/intelFPGA_lite/18.1/quartus/sopc_builder/bin/perl_lib -I /home/nestor/intelFPGA_lite/18.1/quartus/sopc_builder/bin -I /home/nestor/intelFPGA_lite/18.1/quartus/../ip/altera/sopc_builder_ip/common -I /home/nestor/intelFPGA_lite/18.1/quartus/../ip/altera/sopc_builder_ip/altera_avalon_uart -- /home/nestor/intelFPGA_lite/18.1/quartus/../ip/altera/sopc_builder_ip/altera_avalon_uart/generate_rtl.pl --name=niosII_uart --dir=/tmp/alt8326_7469439901998020369.dir/0014_uart_gen/ --quartus_dir=/home/nestor/intelFPGA_lite/18.1/quartus --verilog --config=/tmp/alt8326_7469439901998020369.dir/0014_uart_gen//niosII_uart_component_configuration.pl  --do_build_sim=0  ]
Info: uart: Done RTL generation for module 'niosII_uart'
Info: uart: "niosII" instantiated altera_avalon_uart "uart"
Info: avalon_st_adapter: Inserting error_adapter: error_adapter_0
Info: avalon_st_adapter_001: Inserting error_adapter: error_adapter_0
Info: avalon_st_adapter_002: Inserting error_adapter: error_adapter_0
Info: avalon_st_adapter_003: Inserting error_adapter: error_adapter_0
Info: avalon_st_adapter_004: Inserting error_adapter: error_adapter_0
Info: avalon_st_adapter_005: Inserting error_adapter: error_adapter_0
Info: avalon_st_adapter_006: Inserting error_adapter: error_adapter_0
Info: avalon_st_adapter_007: Inserting error_adapter: error_adapter_0
Info: avalon_st_adapter_008: Inserting error_adapter: error_adapter_0
Info: avalon_st_adapter_009: Inserting error_adapter: error_adapter_0
Info: avalon_st_adapter_010: Inserting error_adapter: error_adapter_0
Info: avalon_st_adapter_011: Inserting error_adapter: error_adapter_0
Info: avalon_st_adapter_012: Inserting error_adapter: error_adapter_0
Info: mm_interconnect_0: "niosII" instantiated altera_mm_interconnect "mm_interconnect_0"
Info: irq_mapper: "niosII" instantiated altera_irq_mapper "irq_mapper"
Info: irq_synchronizer: "niosII" instantiated altera_irq_clock_crosser "irq_synchronizer"
Info: rst_controller: "niosII" instantiated altera_reset_controller "rst_controller"
Info: cpu: Starting RTL generation for module 'niosII_cpu_cpu'
Info: cpu:   Generation command is [exec /home/nestor/intelFPGA_lite/18.1/quartus/linux64//eperlcmd -I /home/nestor/intelFPGA_lite/18.1/quartus/linux64//perl/lib -I /home/nestor/intelFPGA_lite/18.1/quartus/sopc_builder/bin/europa -I /home/nestor/intelFPGA_lite/18.1/quartus/sopc_builder/bin/perl_lib -I /home/nestor/intelFPGA_lite/18.1/quartus/sopc_builder/bin -I /home/nestor/intelFPGA_lite/18.1/quartus/../ip/altera/nios2_ip/altera_nios2_gen2/cpu_lib -I /home/nestor/intelFPGA_lite/18.1/quartus/../ip/altera/nios2_ip/altera_nios2_gen2/nios_lib -I /home/nestor/intelFPGA_lite/18.1/quartus/../ip/altera/nios2_ip/altera_nios2_gen2 -I /home/nestor/intelFPGA_lite/18.1/quartus/../ip/altera/nios2_ip/altera_nios2_gen2 -- /home/nestor/intelFPGA_lite/18.1/quartus/../ip/altera/nios2_ip/altera_nios2_gen2/generate_rtl.epl --name=niosII_cpu_cpu --dir=/tmp/alt8326_7469439901998020369.dir/0018_cpu_gen/ --quartus_bindir=/home/nestor/intelFPGA_lite/18.1/quartus/linux64/ --verilog --config=/tmp/alt8326_7469439901998020369.dir/0018_cpu_gen//niosII_cpu_cpu_processor_configuration.pl  --do_build_sim=0  ]
Info: cpu: # 2020.03.04 22:29:20 (*) Starting Nios II generation
Info: cpu: # 2020.03.04 22:29:20 (*)   Checking for plaintext license.
Info: cpu: # 2020.03.04 22:29:21 (*)   Couldn't query license setup in Quartus directory /home/nestor/intelFPGA_lite/18.1/quartus/linux64/
Info: cpu: # 2020.03.04 22:29:21 (*)   Defaulting to contents of LM_LICENSE_FILE environment variable
Info: cpu: # 2020.03.04 22:29:21 (*)   LM_LICENSE_FILE environment variable is empty
Info: cpu: # 2020.03.04 22:29:21 (*)   Plaintext license not found.
Info: cpu: # 2020.03.04 22:29:21 (*)   No license required to generate encrypted Nios II/e.
Info: cpu: # 2020.03.04 22:29:21 (*)   Elaborating CPU configuration settings
Info: cpu: # 2020.03.04 22:29:21 (*)   Creating all objects for CPU
Info: cpu: # 2020.03.04 22:29:22 (*)   Generating RTL from CPU objects
Info: cpu: # 2020.03.04 22:29:22 (*)   Creating plain-text RTL
Info: cpu: # 2020.03.04 22:29:23 (*) Done Nios II generation
Info: cpu: Done RTL generation for module 'niosII_cpu_cpu'
Info: cpu: "cpu" instantiated altera_nios2_gen2_unit "cpu"
Info: cpu_data_master_translator: "mm_interconnect_0" instantiated altera_merlin_master_translator "cpu_data_master_translator"
Info: jtag_avalon_jtag_slave_translator: "mm_interconnect_0" instantiated altera_merlin_slave_translator "jtag_avalon_jtag_slave_translator"
Info: cpu_data_master_agent: "mm_interconnect_0" instantiated altera_merlin_master_agent "cpu_data_master_agent"
Info: jtag_avalon_jtag_slave_agent: "mm_interconnect_0" instantiated altera_merlin_slave_agent "jtag_avalon_jtag_slave_agent"
Info: jtag_avalon_jtag_slave_agent_rsp_fifo: "mm_interconnect_0" instantiated altera_avalon_sc_fifo "jtag_avalon_jtag_slave_agent_rsp_fifo"
Info: router: "mm_interconnect_0" instantiated altera_merlin_router "router"
Info: router_001: "mm_interconnect_0" instantiated altera_merlin_router "router_001"
Info: router_002: "mm_interconnect_0" instantiated altera_merlin_router "router_002"
Info: router_008: "mm_interconnect_0" instantiated altera_merlin_router "router_008"
Info: router_011: "mm_interconnect_0" instantiated altera_merlin_router "router_011"
Info: sdram_s1_burst_adapter: "mm_interconnect_0" instantiated altera_merlin_burst_adapter "sdram_s1_burst_adapter"
Info: cmd_demux: "mm_interconnect_0" instantiated altera_merlin_demultiplexer "cmd_demux"
Info: cmd_demux_001: "mm_interconnect_0" instantiated altera_merlin_demultiplexer "cmd_demux_001"
Info: cmd_mux: "mm_interconnect_0" instantiated altera_merlin_multiplexer "cmd_mux"
Info: cmd_mux_006: "mm_interconnect_0" instantiated altera_merlin_multiplexer "cmd_mux_006"
Info: Reusing file /home/nestor/repositorios/niosII_freeRTOS_DE0_nano/niosII/synthesis/submodules/altera_merlin_arbitrator.sv
Info: rsp_demux: "mm_interconnect_0" instantiated altera_merlin_demultiplexer "rsp_demux"
Info: rsp_demux_001: "mm_interconnect_0" instantiated altera_merlin_demultiplexer "rsp_demux_001"
Info: rsp_demux_006: "mm_interconnect_0" instantiated altera_merlin_demultiplexer "rsp_demux_006"
Info: rsp_mux: "mm_interconnect_0" instantiated altera_merlin_multiplexer "rsp_mux"
Info: Reusing file /home/nestor/repositorios/niosII_freeRTOS_DE0_nano/niosII/synthesis/submodules/altera_merlin_arbitrator.sv
Info: rsp_mux_001: "mm_interconnect_0" instantiated altera_merlin_multiplexer "rsp_mux_001"
Info: Reusing file /home/nestor/repositorios/niosII_freeRTOS_DE0_nano/niosII/synthesis/submodules/altera_merlin_arbitrator.sv
Info: sdram_s1_rsp_width_adapter: "mm_interconnect_0" instantiated altera_merlin_width_adapter "sdram_s1_rsp_width_adapter"
Info: Reusing file /home/nestor/repositorios/niosII_freeRTOS_DE0_nano/niosII/synthesis/submodules/altera_merlin_address_alignment.sv
Info: Reusing file /home/nestor/repositorios/niosII_freeRTOS_DE0_nano/niosII/synthesis/submodules/altera_merlin_burst_uncompressor.sv
Info: crosser: "mm_interconnect_0" instantiated altera_avalon_st_handshake_clock_crosser "crosser"
Info: Reusing file /home/nestor/repositorios/niosII_freeRTOS_DE0_nano/niosII/synthesis/submodules/altera_avalon_st_pipeline_base.v
Info: avalon_st_adapter: "mm_interconnect_0" instantiated altera_avalon_st_adapter "avalon_st_adapter"
Info: avalon_st_adapter_009: "mm_interconnect_0" instantiated altera_avalon_st_adapter "avalon_st_adapter_009"
Info: error_adapter_0: "avalon_st_adapter" instantiated error_adapter "error_adapter_0"
Info: error_adapter_0: "avalon_st_adapter_009" instantiated error_adapter "error_adapter_0"
Info: niosII: Done "niosII" with 45 modules, 70 files
Info: qsys-generate succeeded.
Info: Finished: Create HDL design files for synthesis
