22:03:57 **** Incremental Build of configuration Nios II for project FreeRTOS_niosII ****
make all 
Info: Building ../FreeRTOS_niosII_bsp/
make --no-print-directory -C ../FreeRTOS_niosII_bsp/
[BSP build complete]
[FreeRTOS_niosII build complete]
22:11:12 **** Build of configuration Nios II for project FreeRTOS_niosII ****
make all 
Info: Building ../FreeRTOS_niosII_bsp/
make --no-print-directory -C ../FreeRTOS_niosII_bsp/
[BSP build complete]
[FreeRTOS_niosII build complete]
22:11:42 **** Build of configuration Nios II for project FreeRTOS_niosII ****
make all 
Info: Building ../FreeRTOS_niosII_bsp/
make --no-print-directory -C ../FreeRTOS_niosII_bsp/
[BSP build complete]
[FreeRTOS_niosII build complete]
22:12:33 **** Build of configuration Nios II for project FreeRTOS_niosII ****
make all 
Info: Building ../FreeRTOS_niosII_bsp/
make --no-print-directory -C ../FreeRTOS_niosII_bsp/
[BSP build complete]
[FreeRTOS_niosII build complete]
22:12:52 **** Incremental Build of configuration Nios II for project FreeRTOS_niosII ****
make all 
Info: Building ../FreeRTOS_niosII_bsp/
make --no-print-directory -C ../FreeRTOS_niosII_bsp/
[BSP build complete]
[FreeRTOS_niosII build complete]
